0	128.0000000000	237.9852262699	18.0147737174
1	165.5310662382	214.3073667931	4.1615669560
2	199.7095941091	182.9199272948	1.3704785834
3	227.4825175192	146.6266542503	9.8908282305
4	246.3689639093	108.6695176679	28.9615184355
5	254.6818632982	72.4391154908	56.8790212364
6	251.6786491116	41.1718016476	91.1495492535
7	237.6275895582	17.6605921677	128.7118182741
8	213.7838239235	4.0056733765	166.2105027000
9	182.2772447854	1.4267984987	200.2959567159
10	145.9222410160	10.1543307388	227.9234282452
11	107.9662968493	29.4086656489	246.6250375145
12	71.7999037009	57.4698708167	254.7302254824
13	40.6536977816	91.8313223756	251.5149798428
14	17.3098769052	129.4236141835	237.2665089113
15	3.8536750648	166.8887387705	213.2575861647
16	1.4870946824	200.8800481563	181.6328571613
17	10.4215353479	228.3611998868	145.2172647653
18	29.8589100875	246.8773845333	107.2637053919
19	58.0629361025	254.7746064706	71.1624574396
20	92.5142317413	251.3474303684	40.1383378903
21	130.1353653635	236.9019956830	16.9626389535
22	167.5657531645	212.7286700521	3.7055767834
23	201.4618500788	180.9867846790	1.5513652422
24	228.7958187026	144.5117476216	10.6924336631
25	247.1259970409	106.5617653556	30.3122376162
26	254.8150048531	70.5267967094	58.6581984375
27	251.1760059716	39.6257381535	93.1982558749
28	236.5340613160	16.6188892092	130.8470494621
29	212.1970922100	3.5613831805	168.2415246095
30	180.3390476204	1.6196081715	202.0413442081
31	143.8057117845	10.9670171754	229.2272710401
32	105.8604987876	30.7686339856	247.3708672395
33	69.8929415001	59.2556391273	254.8514193726
34	39.1159146875	93.8833733007	251.0007120245
35	16.2786384927	131.5586441273	236.1627173800
36	3.4210987900	168.9160318711	211.6628693389
37	1.6918212986	202.6185123451	179.6896663436
38	11.2452772488	229.6555433484	143.0991794028
39	31.2280848447	247.6119874202	105.1599277351
40	59.8552394267	254.8838488861	69.2609116999
41	94.5695625049	250.8215540262	38.6088834816
42	132.2701269944	235.7879755336	15.9418974720
43	169.5892537657	211.1260182028	3.2847280188
44	203.1933363669	179.0386612448	1.7680023883
45	230.0806221655	142.3921726761	11.5272051457
46	247.8493500138	104.4600742072	31.6905757917
47	254.9122923649	68.6307271843	60.4569804635
48	250.6385376155	38.1046604743	95.2568019102
49	235.4098475497	15.6086767262	132.9814757114
50	210.5865556927	3.1522751595	170.2611691478
51	178.3860527837	1.8481490149	203.7657981887
52	141.6847138294	11.8127920142	230.5024941437
53	103.7609601749	32.1560922724	248.0829475654
54	68.0024077272	61.0608433528	254.9367489200
55	37.6032615279	95.9450699393	250.4516685455
56	15.2789867455	133.6926679517	235.0283453028
57	3.0237443650	170.9317568973	210.0444987377
58	1.9322586892	204.3358798654	177.7318614454
59	12.1020288881	230.9211460242	140.9768250877
60	32.6246196691	248.3127727344	103.0626075965
61	61.6668091208	254.9572177894	67.3759731025
62	96.6343449641	250.2609526709	37.1047023650
63	134.4036813506	234.6434807817	14.9528378550
64	171.6009959576	209.4998643685	2.8991396612
65	204.9035634519	177.0761078039	2.0203287442
66	231.3365646625	140.2685286760	12.3949066615
67	248.5388183072	102.3650384303	33.0961432625
68	254.9736983127	66.7514429571	62.2748587429
69	250.0663959988	36.6089986574	97.3246053438
70	234.2552660895	14.6302403290	135.1144935688
71	208.9526697047	2.7784649978	172.2688652975
72	176.4188124332	2.1123564367	205.4688311301
73	139.5598468447	12.6914161523	231.7487369903
74	101.6682745838	33.5706482444	248.7610771718
75	66.1288369252	62.8849730929	254.9861899819
76	36.1161659880	98.0158293741	249.8680046379
77	14.3112042894	135.8250823051	233.8637133928
78	2.6617241213	172.9353439493	208.4029319294
79	2.2083388584	206.0316651454	175.7599959962
80	12.9915480260	232.1576500917	138.8508018696
81	34.0481197050	248.9795423559	100.9723379391
82	63.4971330319	254.9946924160	65.5081745648
83	98.7079953507	249.6657848239	35.6262198254
84	136.5354252075	233.4688350233	13.9957397565
85	173.6004109580	207.8506683019	2.5489207401
86	206.5920478067	175.0996791939	2.3082729867
87	232.5632910889	138.1414160265	13.2952928846
88	249.1942069888	100.2772503656	34.5285426456
89	254.9992053356	64.8894753704	64.1113193067
90	249.4597428941	35.1391755620	99.4010815439
91	233.0706433635	13.6838566490	137.2454999748
92	207.2958961958	2.4400583594	174.2640454448
93	174.4378827654	2.4121557101	207.1499615118
94	137.4317115785	13.6026411523	232.9656472565
95	99.5830336946	35.0119019659	249.4050643395
96	64.2727587730	64.7275126260	254.9997286010
97	34.6550485140	100.0950661478	249.2498853382
98	13.3755647586	137.9552842931	232.6691509356
99	2.3351404336	174.9262265436	206.7386330101
100	2.5199837520	207.7053887474	173.7746275006
101	13.9135832025	233.3647059453	136.7217108395
102	35.4981824894	249.6121077659	98.8897097447
103	65.3456936477	254.9962621995	63.6580441655
104	100.7899273946	249.0362187475	34.1738538706
105	138.6647558739	232.2643703507	13.0708737754
106	175.5869334772	206.1788962708	2.2341702393
107	208.2583120510	173.1099342402	2.6317537088
108	233.7604546331	136.0114361107	14.2281092435
109	249.8153307783	98.1973002837	35.9873689507
110	254.9888062327	63.0453508392	65.9658429408
111	248.8187498149	33.6956067575	101.4856434276
112	231.8563143215	12.7697932625	139.3738924160
113	205.6167035674	2.1371509515	176.2461454811
114	172.4438238503	2.7474620880	208.8087140490
115	135.3009097060	14.5462094201	234.1528808739
116	97.5058270667	36.4794459574	250.0147269886
117	62.4346980600	66.5879410235	254.9773609292
118	33.2203221988	102.1821924155	248.5974853984
119	12.4723326814	140.0826716563	231.4449956623
120	2.0440856182	176.9038418289	205.0520725402
121	2.8671052574	209.3565774694	171.7763172732
122	14.8678737120	234.5419723360	134.5901539520
123	36.9743980663	250.2102901230	96.8153118107
124	67.2119683505	254.9619266700	61.8261049922
125	102.8795524508	248.3724324322	32.7480151170
126	140.7910713190	231.0304273017	12.1785013793
127	177.5600018831	204.4850209438	1.9549771604
128	209.9018850783	171.1074354639	2.9906794451
129	234.9277168147	133.8791911626	15.1930920227
130	250.4020140474	96.1257762200	37.4722097326
131	254.9425039250	61.2195907620	67.8379053257
132	248.1435979902	32.2787003711	103.5777016514
133	230.6126222572	11.8883085891	141.4990691537
134	203.9155665836	1.8698283975	178.2146050189
135	170.4371994536	3.1181807776	210.4446197688
136	133.1680436771	15.5218541541	235.3101021688
137	95.4372419608	37.9728652972	250.5898927420
138	60.6151744321	68.4657322768	254.9190933038
139	31.8123926804	104.2766180717	247.9109892606
140	11.6017634167	142.2066429100	230.1915936606
141	1.7886419711	178.8676306623	203.3437273539
142	3.2496052544	210.9847644721	169.7656302735
143	15.8541497557	235.6891164095	132.4567338348
144	38.4763490629	250.7739203013	94.7497306485
145	69.0954294807	254.8916955557	60.0128749763
146	104.9762797534	247.6746135459	31.3491067007
147	142.9137703756	229.7673547453	11.3188748791
148	179.5190583155	202.7695212252	1.7114204593
149	211.5223022210	169.0927490437	3.3849487226
150	236.0647476115	131.7452839877	16.1899683881
151	250.9540909468	94.0632638858	38.9826451801
152	254.8603115189	59.4127113303	69.7269771635
153	247.4344782883	30.8888569989	105.6766647255
154	229.3399188209	11.0396518536	143.6204293255
155	202.1929662061	1.6381662624	180.1688675188
156	168.4185768970	3.5242069531	212.0572161372
157	131.0337164878	16.5292995230	236.4369839892
158	93.3778632373	39.4917377611	251.1303990016
159	58.8147023282	70.3603554751	254.8249421967
160	30.4316580149	106.3777509789	247.1905910189
161	10.7641031032	144.3265975601	228.9092993240
162	1.5688817172	180.8170378379	201.6140804449
163	3.6673755771	212.5894894186	167.7431350043
164	16.8721324797	236.8058138332	130.3220536871
165	40.0036108166	251.3028389539	92.6935502295
166	70.9955445400	254.7855886940	58.2188667787
167	107.0795164918	246.9429593958	29.9775241251
168	145.0322529052	228.4755097801	10.4922373020
169	181.4635489147	201.0328821153	1.5035689700
170	213.1191053266	167.0664446000	3.8144500734
171	237.1712255611	129.6103179376	17.2184564886
172	251.4714053681	92.0103463762	40.5182482684
173	254.7422522427	57.6252233889	71.6325243811
174	246.6915912041	29.5264695916	107.7819392043
175	228.0385638163	10.2240629844	145.7373731866
176	200.4493894672	1.4422300782	182.1083804546
177	166.3885269185	3.9654258319	213.6460472496
178	128.8985315913	17.5682606912	237.5332077048
179	91.3282731277	41.0356339240	251.6360929483
180	57.0337908024	72.2712749832	254.6949342144
181	29.0785085749	108.4849970819	246.4364943432
182	9.9595885832	146.4419362428	227.5984751740
183	1.3848669722	182.7515121884	199.8636208267
184	4.1202981155	214.1702986141	165.7094032704
185	17.9215340766	237.8917488851	128.1867170256
186	41.5557515655	251.7968965256	90.6473519216
187	72.9117763057	254.6436360950	56.4445875993
188	109.1886680012	246.1776768268	28.6336551720
189	147.1459199631	227.1552576581	9.6988223788
190	183.3929239104	199.2755946215	1.3314814554
191	214.6918429482	165.0290949917	4.2790620474
192	238.2468378371	127.4748966052	18.2782655577
193	251.9538110581	89.9676041320	42.0785848226
194	254.5883594847	55.8576323089	73.5540082064
195	245.9151467829	28.1919233275	109.8929298896
196	226.7089252005	9.4417725881	147.8493022114
197	198.6853292920	1.2820752169	184.0325954784
198	164.3476234565	4.4417126619	215.2106638816
199	126.7630926694	18.6384439204	238.5984634102
200	89.2890511203	42.6041172869	252.1068315928
201	55.2729433462	74.1979505177	254.5291061361
202	27.7533269479	110.5977605983	245.6489124538
203	9.1884472883	148.5520608897	226.2594918220
204	1.2366497807	184.6705068010	198.0928434183
205	4.6082448155	215.7267451075	163.6650100643
206	19.0020578617	238.9466145554	126.0513275956
207	43.1323324484	252.2559533545	88.6117142098
208	74.8435830212	254.4658778907	54.6905390881
209	111.3031380039	245.3789822088	27.3178797873
210	149.2541739381	225.8069716323	8.9388544169
211	185.3066378249	197.4981555805	1.1952065946
212	216.2400704207	162.9812762527	4.7786533139
213	239.2912803380	125.3396237231	19.3690959389
214	252.4011716315	87.9356146730	43.6632137082
215	254.3986767551	54.1104378480	75.4908854096
216	245.1053645315	26.8855955363	112.0090399322
217	225.3513788681	8.6930018352	149.9556192840
218	196.9012844603	1.1577469540	185.9409685730
219	162.2964435228	4.9529327723	216.7506236922
220	124.6280034420	19.7395466458	239.6324499249
221	87.2607737570	44.1967443785	252.5424818645
222	53.5326578123	76.1398373629	254.3275048248
223	26.4564877712	112.7154442217	244.8280680198
224	8.4508972521	150.6563749056	224.8927278296
225	1.1242720400	186.5734791190	196.3022488410
226	5.1310777424	217.2583888819	161.6105333757
227	20.1133983238	239.9701125973	123.9164890789
228	44.7329077334	252.6798796339	86.5872126454
229	76.7904184976	254.2523643477	52.9572171674
230	113.4223286601	244.5471013605	26.0305699794
231	151.3564187811	224.4310329313	8.2125482876
232	187.2041495874	195.7010675059	1.0947829067
233	217.7633500259	160.9235673633	5.3130825981
234	240.3042577507	123.2051030112	20.4906392381
235	252.8133605963	85.9149525091	45.2716868946
236	254.1732576733	52.3841339727	77.4426083667
237	244.2624734182	25.6078555340	114.1296710605
238	223.9663086639	7.9779624220	152.0557289141
239	195.0977593653	1.0692804558	187.8329601662
240	160.2355670629	5.4989416498	218.2654912873
241	122.4938675655	20.8712575396	240.6348748949
242	85.2440144682	45.8130649457	252.9429205861
243	51.8134262241	78.0963864851	254.0901872908
244	25.1883577192	114.8374491852	243.9741930956
245	7.7471470086	152.7542833463	223.4985696324
246	1.0477655255	188.4598911069	194.4923433549
247	5.6886490428	218.7647968673	159.5465540772
248	21.2552412776	240.9619536413	121.7828051065
249	46.3570248814	253.0685555139	84.5744196047
250	78.7517323169	254.0031558164	51.2451118794
251	115.5456408219	243.6822694732	24.7720897049
252	153.4520601321	223.0278305307	7.5201093372
253	189.0849227245	193.8848385120	1.0302387635
254	219.2612510941	158.8565500724	5.8821988208
255	241.2854837029	121.0719379481	21.6425783617
256	253.1902614427	83.9061889498	46.9035496202
257	253.9121659806	50.6792087694	79.4086252627
258	243.3867117204	24.3590645848	116.2542236948
259	222.5541061543	7.2968564944	154.1490373386
260	193.2752638993	1.0167007413	189.7080353594
261	158.1655767147	6.0795849132	219.7548383594
262	120.3612884296	22.0332566507	241.6054549197
263	83.2393434839	47.4526219917	253.3080345371
264	50.1157346614	80.0670447104	253.8172206282
265	23.9492953129	116.9631755662	243.0875291209
266	7.0773955287	154.8451930710	222.0774113876
267	1.0071518653	190.3292094409	192.6636386811
268	6.2808010970	220.2455431692	157.4736557211
269	22.4272638637	241.9218572460	119.6508788903
270	48.0042247366	253.4218711141	82.5739041620
271	80.7269699590	253.7183227691	49.5547072846
272	117.6724741603	242.7847310600	23.5427947797
273	155.5405054853	221.5977611912	6.8617333235
274	190.9484254745	192.0499820725	1.0015924403
275	220.7333501057	156.7808088086	6.4858410730
276	242.2346807504	118.9407316314	22.8245876309
277	253.5317675796	81.9098918883	48.5583405321
278	253.6154754767	48.9961442539	81.3883802821
279	242.4783270627	23.1395757487	118.3820971886
280	221.1151706400	6.6498766479	156.2349527121
281	191.4343133394	1.0000226441	191.5656640038
282	156.0870577577	6.6946983896	221.2182438400
283	118.2308689668	23.2252154555	242.5439155904
284	81.2473275416	49.1149519665	253.6377204919
285	48.4400631080	82.0512548898	253.5086820149
286	22.7396508818	119.0920223626	242.1683267556
287	6.4418321567	156.9285129455	220.6296548978
288	1.0024425402	192.1809056232	190.8166518366
289	6.9073664936	221.7002091448	155.3924243489
290	23.6291347518	242.8495520632	117.5213131977
291	49.6740415646	253.7397265363	80.5862319118
292	82.7155729795	253.3979457111	47.8864813094
293	119.8022273811	241.8547398796	22.3430327520
294	157.6211643923	220.1412292173	6.2376063904
295	192.7941310160	190.1970169570	1.0088520270
296	222.1792308817	154.6969304262	7.1238386921
297	243.1515805549	116.8120866126	24.0363328452
298	253.8377824743	79.9266257761	50.2355917623
299	253.2832700705	47.3354162825	83.3813136597
300	241.5375762645	21.9497338053	120.5126899302
301	219.6499089274	6.0372057752	158.3128852974
302	189.5754281824	1.0192509140	193.4053209036
303	154.0005978082	7.3441081906	222.6552939885
304	116.1032115000	24.4467969341	243.4499915786
305	79.2685298482	50.7995849066	253.9318852452
306	46.7868852993	84.0484560389	253.1646586745
307	21.5597664115	121.2233876833	241.2168459052
308	5.8406365849	159.0036539311	219.1557094840
309	1.0336388710	194.0144561090	188.9519050073
310	7.5681680676	223.1283835300	153.3034484024
311	24.8605141280	243.7447757617	115.3947101103
312	51.3660032810	254.0220319026	78.6119648164
313	84.7169791367	253.0421152569	46.2409056191
314	121.9342983392	240.8925588601	21.1731428134
315	159.6934485891	218.6586463938	5.6479050171
316	194.6215174806	188.3264670532	1.0520154662
317	223.5984846218	152.6055040782	7.7960112873
318	244.0359238586	114.6866047193	25.2774714221
319	254.1082196017	77.9569513055	51.9348291055
320	252.9156436658	45.6974943742	85.3868619600
321	240.5647253146	20.7898751649	122.6453995332
322	218.1587352905	5.4590171043	160.3822476052
323	187.6991339543	1.0743800900	195.2264859430
324	151.9067867939	8.0276306869	224.0655825192
325	113.9789175774	25.6976557227	244.3234267126
326	77.3035098768	52.5060444985	254.1904456374
327	45.1566686588	86.0580834776	252.7852478763
328	20.4099754929	123.3566689387	240.2333555684
329	5.2739788028	161.0700293386	217.6559918586
330	1.1007320693	195.8293425097	187.0699254210
331	8.2630190020	224.5296625283	151.2073184697
332	26.1210538345	244.6072752813	113.2716708842
333	53.0796315149	254.2687074189	76.6516610662
334	86.7306225821	252.6509319778	44.6184454401
335	124.0680842291	239.8984600355	20.0334557481
336	161.7567721739	217.1504319096	5.0927959038
337	196.4300682196	186.4388612145	1.1310705532
338	224.9907100695	150.5071211020	8.5021688158
339	244.8874606493	112.5648868901	26.5476524606
340	254.3430024951	76.0014253588	53.6555721461
341	252.5127001994	44.0828416345	87.4044581661
342	239.5600492315	19.6603277415	124.7796230270
343	216.6420713185	4.9154741096	162.4424545592
344	185.8059611722	1.1653946019	197.0286442259
345	149.8062166745	8.7450726480	225.4487106775
346	111.8585877947	26.9774381771	245.1639740409
347	75.3528231762	54.2338482946	254.4133285419
348	43.5498740822	88.0795690460	252.3705568845
349	19.2906032079	125.4912629931	239.2181337990
350	4.7420189955	163.1270549426	216.1309260492
351	1.2037031359	197.6250517072	185.1712451569
352	8.9917228405	225.9036499505	149.1046271963
353	27.4103975093	245.4368067312	111.1527957595
354	54.8144417867	254.4796833241	74.7058749019
355	88.7559340128	252.2245064908	43.0195594964
356	126.2029817754	238.8727244695	18.9242937551
357	163.8105518103	215.6170121672	4.5724360098
358	198.2192719310	184.5347331203	1.2459949487
359	226.3555136010	148.4023747400	9.2421116463
360	245.7059501858	110.4475329968	27.8465168301
361	254.5420647843	74.0606008432	55.3973343852
362	252.0745536157	42.4919145649	89.4335318321
363	238.5238320888	18.5614109020	126.9147570092
364	215.1003458269	4.4067304611	164.4929237120
365	183.8964450649	1.2922687068	198.8112862283
366	147.6994813401	9.4962312168	226.8042874431
367	109.7428216300	28.2857824616	245.9713959211
368	73.4170212693	55.9825077767	254.6004709540
369	41.9669558485	90.1123411933	251.9207029582
370	18.2019660278	127.6265663425	238.1714676424
371	4.2449075818	165.1741491847	214.5809432335
372	1.3425229624	199.4010760063	183.2564010186
373	9.7540735510	227.2499573544	146.9959690819
374	28.7281805862	246.2331356059	109.0386838079
375	56.5699435970	254.6548999917	72.7751564240
376	90.7923407985	251.7629593570	41.4446998445
377	128.3383873852	237.8156421666	17.8459704482
# 377

set -A col_r -- 128 165 199 227 246 254 251 237 213 182 145 107 71 40 17 3 1 10 29 58 92 130 167 201 228 247 254 251 236 212 180 143 105 69 39 16 3 1 11 31 59 94 132 169 203 230 247 254 250 235 210 178 141 103 68 37 15 3 1 12 32 61 96 134 171 204 231 248 254 250 234 208 176 139 101 66 36 14 2 2 12 34 63 98 136 173 206 232 249 254 249 233 207 174 137 99 64 34 13 2 2 13 35 65 100 138 175 208 233 249 254 248 231 205 172 135 97 62 33 12 2 2 14 36 67 102 140 177 209 234 250 254 248 230 203 170 133 95 60 31 11 1 3 15 38 69 104 142 179 211 236 250 254 247 229 202 168 131 93 58 30 10 1 3 16 40 70 107 145 181 213 237 251 254 246 228 200 166 128 91 57 29 9 1 4 17 41 72 109 147 183 214 238 251 254 245 226 198 164 126 89 55 27 9 1 4 19 43 74 111 149 185 216 239 252 254 245 225 196 162 124 87 53 26 8 1 5 20 44 76 113 151 187 217 240 252 254 244 223 195 160 122 85 51 25 7 1 5 21 46 78 115 153 189 219 241 253 253 243 222 193 158 120 83 50 23 7 1 6 22 48 80 117 155 190 220 242 253 253 242 221 191 156 118 81 48 22 6 1 6 23 49 82 119 157 192 222 243 253 253 241 219 189 154 116 79 46 21 5 1 7 24 51 84 121 159 194 223 244 254 252 240 218 187 151 113 77 45 20 5 1 8 26 53 86 124 161 196 224 244 254 252 239 216 185 149 111 75 43 19 4 1 8 27 54 88 126 163 198 226 245 254 252 238 215 183 147 109 73 41 18 4 1 9 28 56 90
set -A col_g -- 237 214 182 146 108 72 41 17 4 1 10 29 57 91 129 166 200 228 246 254 251 236 212 180 144 106 70 39 16 3 1 10 30 59 93 131 168 202 229 247 254 250 235 211 179 142 104 68 38 15 3 1 11 32 61 95 133 170 204 230 248 254 250 234 209 177 140 102 66 36 14 2 2 12 33 62 98 135 172 206 232 248 254 249 233 207 175 138 100 64 35 13 2 2 13 35 64 100 137 174 207 233 249 254 249 232 206 173 136 98 63 33 12 2 2 14 36 66 102 140 176 209 234 250 254 248 231 204 171 133 96 61 32 11 1 3 15 37 68 104 142 178 210 235 250 254 247 229 202 169 131 94 59 30 11 1 3 16 39 70 106 144 180 212 236 251 254 246 228 201 167 129 92 57 29 10 1 3 17 41 72 108 146 182 214 237 251 254 246 227 199 165 127 89 55 28 9 1 4 18 42 74 110 148 184 215 238 252 254 245 225 197 162 125 87 54 26 8 1 4 19 44 76 112 150 186 217 239 252 254 244 224 195 160 123 85 52 25 7 1 5 20 45 78 114 152 188 218 240 253 254 243 223 193 158 121 83 50 24 7 1 6 22 47 80 116 154 190 220 241 253 253 242 221 192 156 118 81 48 23 6 1 6 23 49 82 119 156 192 221 242 253 253 241 220 190 154 116 79 47 21 6 1 7 24 50 84 121 159 194 223 243 254 253 240 218 188 152 114 77 45 20 5 1 8 25 52 86 123 161 195 224 244 254 252 239 217 186 150 112 76 44 19 4 1 8 26 54 88 125 163 197 225 245 254 252 238 215 184 148 110 74 42 18 4 1 9 28 55 90 127 165 199 227 246 254 251
set -A col_b -- 18 4 1 9 28 56 91 128 166 200 227 246 254 251 237 213 181 145 107 71 40 16 3 1 10 30 58 93 130 168 202 229 247 254 251 236 211 179 143 105 69 38 15 3 1 11 31 60 95 132 170 203 230 248 254 250 235 210 177 140 103 67 37 14 2 2 12 33 62 97 135 172 205 231 248 254 249 233 208 175 138 100 65 35 13 2 2 13 34 64 99 137 174 207 232 249 254 249 232 206 173 136 98 63 34 13 2 2 14 35 65 101 139 176 208 234 250 254 248 231 205 171 134 96 61 32 12 1 2 15 37 67 103 141 178 210 235 250 254 247 230 203 169 132 94 60 31 11 1 3 16 38 69 105 143 180 212 236 251 254 247 228 201 167 130 92 58 29 10 1 3 17 40 71 107 145 182 213 237 251 254 246 227 199 165 128 90 56 28 9 1 4 18 42 73 109 147 184 215 238 252 254 245 226 198 163 126 88 54 27 8 1 4 19 43 75 112 149 185 216 239 252 254 244 224 196 161 123 86 52 26 8 1 5 20 45 77 114 152 187 218 240 252 254 243 223 194 159 121 84 51 24 7 1 5 21 46 79 116 154 189 219 241 253 253 243 222 192 157 119 82 49 23 6 1 6 22 48 81 118 156 191 221 242 253 253 242 220 190 155 117 80 47 22 6 1 7 24 50 83 120 158 193 222 243 253 253 241 219 188 153 115 78 46 21 5 1 7 25 51 85 122 160 195 224 244 254 252 240 217 187 151 113 76 44 20 5 1 8 26 53 87 124 162 197 225 245 254 252 239 216 185 149 111 74 43 18 4 1 9 27 55 89 126 164 198 226 245 254 251 238 214 183 146 109 72 41
